app/build/intermediates/manifest_merge_blame_file/debug/manifest-merger-blame-debug-report.txt
1<?xml version="1.0" encoding="utf-8"?>
2<manifest xmlns:android="http://schemas.android.com/apk/res/android"
3    package="com.example.prueba"
4    android:versionCode="1"
5    android:versionName="1.0" >
6
7    <uses-sdk
8        android:minSdkVersion="24"
9        android:targetSdkVersion="34" />
10
11    <uses-permission android:name="android.permission.INTERNET" />
11-->[com.google.firebase:firebase-auth:22.3.1] AndroidManifest.xml:25:5-67
11-->[com.google.firebase:firebase-auth:22.3.1] AndroidManifest.xml:25:22-64
12    <uses-permission android:name="android.permission.ACCESS_NETWORK_STATE" />
12-->[com.google.firebase:firebase-auth:22.3.1] AndroidManifest.xml:26:5-79
12-->[com.google.firebase:firebase-auth:22.3.1] AndroidManifest.xml:26:22-76
13    <uses-permission android:name="com.google.android.providers.gsf.permission.READ_GSERVICES" />
13-->[com.google.android.recaptcha:recaptcha:18.4.0] AndroidManifest.xml:9:5-98
13-->[com.google.android.recaptcha:recaptcha:18.4.0] AndroidManifest.xml:9:22-95
14
15    <permission
15-->[androidx.core:core:1.9.0] AndroidManifest.xml:22:5-24:47
16        android:name="com.example.prueba.DYNAMIC_RECEIVER_NOT_EXPORTED_PERMISSION"
16-->[androidx.core:core:1.9.0] AndroidManifest.xml:23:9-81
17        android:protectionLevel="signature" />
17-->[androidx.core:core:1.9.0] AndroidManifest.xml:24:9-44
18
19    <uses-permission android:name="com.example.prueba.DYNAMIC_RECEIVER_NOT_EXPORTED_PERMISSION" />
19-->[androidx.core:core:1.9.0] AndroidManifest.xml:26:5-97
19-->[androidx.core:core:1.9.0] AndroidManifest.xml:26:22-94
20
21    <application
21-->src\main\AndroidManifest.xml:5:5-33:19
22        android:allowBackup="true"
22-->src\main\AndroidManifest.xml:6:9-35
23        android:appComponentFactory="androidx.core.app.CoreComponentFactory"
23-->[androidx.core:core:1.9.0] AndroidManifest.xml:28:18-86
24        android:dataExtractionRules="@xml/data_extraction_rules"
24-->src\main\AndroidManifest.xml:7:9-65
25        android:debuggable="true"
26        android:extractNativeLibs="false"
27        android:fullBackupContent="@xml/backup_rules"
27-->src\main\AndroidManifest.xml:8:9-54
28        android:icon="@mipmap/ic_launcher"
28-->src\main\AndroidManifest.xml:9:9-43
29        android:label="@string/app_name"
29-->src\main\AndroidManifest.xml:10:9-41
30        android:roundIcon="@mipmap/ic_launcher_round"
30-->src\main\AndroidManifest.xml:11:9-54
31        android:supportsRtl="true"
31-->src\main\AndroidManifest.xml:12:9-35
32        android:testOnly="true"
33        android:theme="@style/Theme.Prueba" >
33-->src\main\AndroidManifest.xml:13:9-44
34        <activity
34-->src\main\AndroidManifest.xml:15:9-17:40
35            android:name="com.example.prueba.CreateAcc"
35-->src\main\AndroidManifest.xml:16:13-38
36            android:exported="false" />
36-->src\main\AndroidManifest.xml:17:13-37
37        <activity
37-->src\main\AndroidManifest.xml:18:9-20:40
38            android:name="com.example.prueba.Recuperar"
38-->src\main\AndroidManifest.xml:19:13-38
39            android:exported="false" />
39-->src\main\AndroidManifest.xml:20:13-37
40        <activity
40-->src\main\AndroidManifest.xml:21:9-23:40
41            android:name="com.example.prueba.Login"
41-->src\main\AndroidManifest.xml:22:13-34
42            android:exported="false" />
42-->src\main\AndroidManifest.xml:23:13-37
43        <activity
43-->src\main\AndroidManifest.xml:24:9-32:20
44            android:name="com.example.prueba.MainActivity"
44-->src\main\AndroidManifest.xml:25:13-41
45            android:exported="true" >
45-->src\main\AndroidManifest.xml:26:13-36
46            <intent-filter>
46-->src\main\AndroidManifest.xml:27:13-31:29
47                <action android:name="android.intent.action.MAIN" />
47-->src\main\AndroidManifest.xml:28:17-69
47-->src\main\AndroidManifest.xml:28:25-66
48
49                <category android:name="android.intent.category.LAUNCHER" />
49-->src\main\AndroidManifest.xml:30:17-77
49-->src\main\AndroidManifest.xml:30:27-74
50            </intent-filter>
51        </activity>
52        <activity
52-->[com.google.firebase:firebase-auth:22.3.1] AndroidManifest.xml:29:9-46:20
53            android:name="com.google.firebase.auth.internal.GenericIdpActivity"
53-->[com.google.firebase:firebase-auth:22.3.1] AndroidManifest.xml:30:13-80
54            android:excludeFromRecents="true"
54-->[com.google.firebase:firebase-auth:22.3.1] AndroidManifest.xml:31:13-46
55            android:exported="true"
55-->[com.google.firebase:firebase-auth:22.3.1] AndroidManifest.xml:32:13-36
56            android:launchMode="singleTask"
56-->[com.google.firebase:firebase-auth:22.3.1] AndroidManifest.xml:33:13-44
57            android:theme="@android:style/Theme.Translucent.NoTitleBar" >
57-->[com.google.firebase:firebase-auth:22.3.1] AndroidManifest.xml:34:13-72
58            <intent-filter>
58-->[com.google.firebase:firebase-auth:22.3.1] AndroidManifest.xml:35:13-45:29
59                <action android:name="android.intent.action.VIEW" />
59-->[com.google.firebase:firebase-auth:22.3.1] AndroidManifest.xml:36:17-69
59-->[com.google.firebase:firebase-auth:22.3.1] AndroidManifest.xml:36:25-66
60
61                <category android:name="android.intent.category.DEFAULT" />
61-->[com.google.firebase:firebase-auth:22.3.1] AndroidManifest.xml:38:17-76
61-->[com.google.firebase:firebase-auth:22.3.1] AndroidManifest.xml:38:27-73
62                <category android:name="android.intent.category.BROWSABLE" />
62-->[com.google.firebase:firebase-auth:22.3.1] AndroidManifest.xml:39:17-78
62-->[com.google.firebase:firebase-auth:22.3.1] AndroidManifest.xml:39:27-75
63
64                <data
64-->[com.google.firebase:firebase-auth:22.3.1] AndroidManifest.xml:41:17-44:51
65                    android:host="firebase.auth"
65-->[com.google.firebase:firebase-auth:22.3.1] AndroidManifest.xml:42:21-49
66                    android:path="/"
66-->[com.google.firebase:firebase-auth:22.3.1] AndroidManifest.xml:43:21-37
67                    android:scheme="genericidp" />
67-->[com.google.firebase:firebase-auth:22.3.1] AndroidManifest.xml:44:21-48
68            </intent-filter>
69        </activity>
70        <activity
70-->[com.google.firebase:firebase-auth:22.3.1] AndroidManifest.xml:47:9-64:20
71            android:name="com.google.firebase.auth.internal.RecaptchaActivity"
71-->[com.google.firebase:firebase-auth:22.3.1] AndroidManifest.xml:48:13-79
72            android:excludeFromRecents="true"
72-->[com.google.firebase:firebase-auth:22.3.1] AndroidManifest.xml:49:13-46
73            android:exported="true"
73-->[com.google.firebase:firebase-auth:22.3.1] AndroidManifest.xml:50:13-36
74            android:launchMode="singleTask"
74-->[com.google.firebase:firebase-auth:22.3.1] AndroidManifest.xml:51:13-44
75            android:theme="@android:style/Theme.Translucent.NoTitleBar" >
75-->[com.google.firebase:firebase-auth:22.3.1] AndroidManifest.xml:52:13-72
76            <intent-filter>
76-->[com.google.firebase:firebase-auth:22.3.1] AndroidManifest.xml:53:13-63:29
77                <action android:name="android.intent.action.VIEW" />
77-->[com.google.firebase:firebase-auth:22.3.1] AndroidManifest.xml:36:17-69
77-->[com.google.firebase:firebase-auth:22.3.1] AndroidManifest.xml:36:25-66
78
79                <category android:name="android.intent.category.DEFAULT" />
79-->[com.google.firebase:firebase-auth:22.3.1] AndroidManifest.xml:38:17-76
79-->[com.google.firebase:firebase-auth:22.3.1] AndroidManifest.xml:38:27-73
80                <category android:name="android.intent.category.BROWSABLE" />
80-->[com.google.firebase:firebase-auth:22.3.1] AndroidManifest.xml:39:17-78
80-->[com.google.firebase:firebase-auth:22.3.1] AndroidManifest.xml:39:27-75
81
82                <data
82-->[com.google.firebase:firebase-auth:22.3.1] AndroidManifest.xml:41:17-44:51
83                    android:host="firebase.auth"
83-->[com.google.firebase:firebase-auth:22.3.1] AndroidManifest.xml:42:21-49
84                    android:path="/"
84-->[com.google.firebase:firebase-auth:22.3.1] AndroidManifest.xml:43:21-37
85                    android:scheme="recaptcha" />
85-->[com.google.firebase:firebase-auth:22.3.1] AndroidManifest.xml:44:21-48
86            </intent-filter>
87        </activity>
88
89        <service
89-->[com.google.firebase:firebase-auth:22.3.1] AndroidManifest.xml:66:9-72:19
90            android:name="com.google.firebase.components.ComponentDiscoveryService"
90-->[com.google.firebase:firebase-auth:22.3.1] AndroidManifest.xml:67:13-84
91            android:directBootAware="true"
91-->[com.google.firebase:firebase-common:20.4.2] AndroidManifest.xml:32:13-43
92            android:exported="false" >
92-->[com.google.firebase:firebase-auth:22.3.1] AndroidManifest.xml:68:13-37
93            <meta-data
93-->[com.google.firebase:firebase-auth:22.3.1] AndroidManifest.xml:69:13-71:85
94                android:name="com.google.firebase.components:com.google.firebase.auth.FirebaseAuthRegistrar"
94-->[com.google.firebase:firebase-auth:22.3.1] AndroidManifest.xml:70:17-109
95                android:value="com.google.firebase.components.ComponentRegistrar" />
95-->[com.google.firebase:firebase-auth:22.3.1] AndroidManifest.xml:71:17-82
96            <meta-data
96-->[com.google.firebase:firebase-common-ktx:20.4.2] AndroidManifest.xml:12:13-14:85
97                android:name="com.google.firebase.components:com.google.firebase.ktx.FirebaseCommonLegacyRegistrar"
97-->[com.google.firebase:firebase-common-ktx:20.4.2] AndroidManifest.xml:13:17-116
98                android:value="com.google.firebase.components.ComponentRegistrar" />
98-->[com.google.firebase:firebase-common-ktx:20.4.2] AndroidManifest.xml:14:17-82
99            <meta-data
99-->[com.google.firebase:firebase-common:20.4.2] AndroidManifest.xml:35:13-37:85
100                android:name="com.google.firebase.components:com.google.firebase.FirebaseCommonKtxRegistrar"
100-->[com.google.firebase:firebase-common:20.4.2] AndroidManifest.xml:36:17-109
101                android:value="com.google.firebase.components.ComponentRegistrar" />
101-->[com.google.firebase:firebase-common:20.4.2] AndroidManifest.xml:37:17-82
102        </service>
103
104        <provider
104-->[com.google.firebase:firebase-common:20.4.2] AndroidManifest.xml:23:9-28:39
105            android:name="com.google.firebase.provider.FirebaseInitProvider"
105-->[com.google.firebase:firebase-common:20.4.2] AndroidManifest.xml:24:13-77
106            android:authorities="com.example.prueba.firebaseinitprovider"
106-->[com.google.firebase:firebase-common:20.4.2] AndroidManifest.xml:25:13-72
107            android:directBootAware="true"
107-->[com.google.firebase:firebase-common:20.4.2] AndroidManifest.xml:26:13-43
108            android:exported="false"
108-->[com.google.firebase:firebase-common:20.4.2] AndroidManifest.xml:27:13-37
109            android:initOrder="100" />
109-->[com.google.firebase:firebase-common:20.4.2] AndroidManifest.xml:28:13-36
110
111        <activity
111-->[com.google.android.gms:play-services-base:18.0.1] AndroidManifest.xml:20:9-22:45
112            android:name="com.google.android.gms.common.api.GoogleApiActivity"
112-->[com.google.android.gms:play-services-base:18.0.1] AndroidManifest.xml:20:19-85
113            android:exported="false"
113-->[com.google.android.gms:play-services-base:18.0.1] AndroidManifest.xml:22:19-43
114            android:theme="@android:style/Theme.Translucent.NoTitleBar" />
114-->[com.google.android.gms:play-services-base:18.0.1] AndroidManifest.xml:21:19-78
115
116        <meta-data
116-->[com.google.android.gms:play-services-basement:18.1.0] AndroidManifest.xml:21:9-23:69
117            android:name="com.google.android.gms.version"
117-->[com.google.android.gms:play-services-basement:18.1.0] AndroidManifest.xml:22:13-58
118            android:value="@integer/google_play_services_version" />
118-->[com.google.android.gms:play-services-basement:18.1.0] AndroidManifest.xml:23:13-66
119
120        <provider
120-->[androidx.emoji2:emoji2:1.2.0] AndroidManifest.xml:24:9-32:20
121            android:name="androidx.startup.InitializationProvider"
121-->[androidx.emoji2:emoji2:1.2.0] AndroidManifest.xml:25:13-67
122            android:authorities="com.example.prueba.androidx-startup"
122-->[androidx.emoji2:emoji2:1.2.0] AndroidManifest.xml:26:13-68
123            android:exported="false" >
123-->[androidx.emoji2:emoji2:1.2.0] AndroidManifest.xml:27:13-37
124            <meta-data
124-->[androidx.emoji2:emoji2:1.2.0] AndroidManifest.xml:29:13-31:52
125                android:name="androidx.emoji2.text.EmojiCompatInitializer"
125-->[androidx.emoji2:emoji2:1.2.0] AndroidManifest.xml:30:17-75
126                android:value="androidx.startup" />
126-->[androidx.emoji2:emoji2:1.2.0] AndroidManifest.xml:31:17-49
127            <meta-data
127-->[androidx.lifecycle:lifecycle-process:2.4.1] AndroidManifest.xml:31:13-33:52
128                android:name="androidx.lifecycle.ProcessLifecycleInitializer"
128-->[androidx.lifecycle:lifecycle-process:2.4.1] AndroidManifest.xml:32:17-78
129                android:value="androidx.startup" />
129-->[androidx.lifecycle:lifecycle-process:2.4.1] AndroidManifest.xml:33:17-49
130        </provider>
131    </application>
132
133</manifest>